<?xml version="1.0" encoding="UTF-8"?>
<!-- Generated by org.testng.reporters.JUnitReportReporter -->
<testsuite skipped="0" hostname="BDC6-DX-6DCBNK2" name="com.test1.Testme" tests="1" failures="0" timestamp="18 Jun 2019 04:58:16 GMT" time="9.129" errors="0">
  <testcase name="TestLocation" time="9.129" classname="com.test1.Testme"/>
</testsuite> <!-- com.test1.Testme -->
