<?xml version="1.0" encoding="UTF-8"?>
<!-- Generated by org.testng.reporters.JUnitReportReporter -->
<testsuite skipped="0" hostname="BDC6-DX-6DCBNK2" name="com.test1.Keys1" tests="1" failures="0" timestamp="18 Jun 2019 05:13:01 GMT" time="14.256" errors="0">
  <testcase name="testKeyStrokes" time="14.256" classname="com.test1.Keys1"/>
</testsuite> <!-- com.test1.Keys1 -->
