<?xml version="1.0" encoding="UTF-8"?>
<!-- Generated by org.testng.reporters.JUnitReportReporter -->
<testsuite skipped="0" hostname="BDC6-DX-6DCBNK2" name="com.test1.Drag" tests="1" failures="0" timestamp="18 Jun 2019 05:11:53 GMT" time="15.804" errors="0">
  <testcase name="testDragAndDrop" time="15.804" classname="com.test1.Drag"/>
</testsuite> <!-- com.test1.Drag -->
