<?xml version="1.0" encoding="UTF-8"?>
<!-- Generated by org.testng.reporters.JUnitReportReporter -->
<testsuite skipped="0" hostname="BDC6-DX-6DCBNK2" name="com.test1.DEMO" tests="1" failures="0" timestamp="13 Jun 2019 10:51:51 GMT" time="13.556" errors="0">
  <testcase name="DemoWebShopLogin" time="13.556" classname="com.test1.DEMO"/>
</testsuite> <!-- com.test1.DEMO -->
