<?xml version="1.0" encoding="UTF-8"?>
<!-- Generated by org.testng.reporters.JUnitReportReporter -->
<testsuite skipped="0" hostname="BDC6-DX-6DCBNK2" name="com.test1.Creditportal" tests="1" failures="0" timestamp="17 Jun 2019 09:53:34 GMT" time="30.598" errors="0">
  <testcase name="TestCreditCard" time="30.598" classname="com.test1.Creditportal"/>
</testsuite> <!-- com.test1.Creditportal -->
