<?xml version="1.0" encoding="UTF-8"?>
<!-- Generated by org.testng.reporters.JUnitReportReporter -->
<testsuite skipped="0" hostname="BDC6-DX-6DCBNK2" name="com.test1.Register" tests="1" failures="0" timestamp="13 Jun 2019 10:51:16 GMT" time="12.017" errors="0">
  <testcase name="DemoWebShopLogin" time="12.017" classname="com.test1.Register"/>
</testsuite> <!-- com.test1.Register -->
