<?xml version="1.0" encoding="UTF-8"?>
<!-- Generated by org.testng.reporters.JUnitReportReporter -->
<testsuite skipped="0" hostname="BDC6-DX-6DCBNK2" name="com.test1.NewTest1" tests="1" failures="0" timestamp="13 Jun 2019 07:52:52 GMT" time="18.103" errors="0">
  <testcase name="tetsGoogleHomePage" time="18.103" classname="com.test1.NewTest1"/>
</testsuite> <!-- com.test1.NewTest1 -->
