<?xml version="1.0" encoding="UTF-8"?>
<!-- Generated by org.testng.reporters.JUnitReportReporter -->
<testsuite skipped="0" hostname="BDC6-DX-6DCBNK2" name="com.test1.Popup" tests="1" failures="0" timestamp="18 Jun 2019 05:47:09 GMT" time="8.623" errors="0">
  <testcase name="testAlert" time="8.623" classname="com.test1.Popup"/>
</testsuite> <!-- com.test1.Popup -->
